# JRE version: OpenJDK Runtime Environment (8.0_152-b01) (build 1.8.0_152-release-1343-b01)
# Java VM: OpenJDK 64-Bit Server VM (25.152-b01 mixed mode windows-amd64 compressed oops)
Heap:
 PSYoungGen      total 115712K, used 43982K [0x00000000eb000000, 0x00000000f3480000, 0x0000000100000000)
  eden space 96256K, 45% used [0x00000000eb000000,0x00000000edaf3bf0,0x00000000f0e00000)
  from space 19456K, 0% used [0x00000000f1f80000,0x00000000f1f80000,0x00000000f3280000)
  to   space 17920K, 0% used [0x00000000f0e00000,0x00000000f0e00000,0x00000000f1f80000)
 ParOldGen       total 90624K, used 35172K [0x00000000c1000000, 0x00000000c6880000, 0x00000000eb000000)
  object space 90624K, 38% used [0x00000000c1000000,0x00000000c32593e0,0x00000000c6880000)
 Metaspace       used 43119K, capacity 43894K, committed 44288K, reserved 1087488K
  class space    used 5375K, capacity 5598K, committed 5632K, reserved 1048576K
GC Heap History (10 events):
Event: 22.260 GC heap before
{Heap before GC invocations=4 (full 0):
 PSYoungGen      total 35328K, used 25076K [0x00000000eb000000, 0x00000000ef500000, 0x0000000100000000)
  eden space 32768K, 68% used [0x00000000eb000000,0x00000000ec605138,0x00000000ed000000)
  from space 2560K, 98% used [0x00000000ed000000,0x00000000ed278020,0x00000000ed280000)
  to   space 2560K, 0% used [0x00000000ef280000,0x00000000ef280000,0x00000000ef500000)
 ParOldGen       total 44032K, used 11213K [0x00000000c1000000, 0x00000000c3b00000, 0x00000000eb000000)
  object space 44032K, 25% used [0x00000000c1000000,0x00000000c1af37c8,0x00000000c3b00000)
 Metaspace       used 20727K, capacity 21148K, committed 21248K, reserved 1069056K
  class space    used 2398K, capacity 2550K, committed 2560K, reserved 1048576K
Event: 22.378 GC heap after
Heap after GC invocations=4 (full 0):
 PSYoungGen      total 68096K, used 2538K [0x00000000eb000000, 0x00000000ef500000, 0x0000000100000000)
  eden space 65536K, 0% used [0x00000000eb000000,0x00000000eb000000,0x00000000ef000000)
  from space 2560K, 99% used [0x00000000ef280000,0x00000000ef4fab08,0x00000000ef500000)
  to   space 2560K, 0% used [0x00000000ef000000,0x00000000ef000000,0x00000000ef280000)
 ParOldGen       total 44032K, used 21838K [0x00000000c1000000, 0x00000000c3b00000, 0x00000000eb000000)
  object space 44032K, 49% used [0x00000000c1000000,0x00000000c2553950,0x00000000c3b00000)
 Metaspace       used 20727K, capacity 21148K, committed 21248K, reserved 1069056K
  class space    used 2398K, capacity 2550K, committed 2560K, reserved 1048576K
}
Event: 22.378 GC heap before
{Heap before GC invocations=5 (full 1):
 PSYoungGen      total 68096K, used 2538K [0x00000000eb000000, 0x00000000ef500000, 0x0000000100000000)
  eden space 65536K, 0% used [0x00000000eb000000,0x00000000eb000000,0x00000000ef000000)
  from space 2560K, 99% used [0x00000000ef280000,0x00000000ef4fab08,0x00000000ef500000)
  to   space 2560K, 0% used [0x00000000ef000000,0x00000000ef000000,0x00000000ef280000)
 ParOldGen       total 44032K, used 21838K [0x00000000c1000000, 0x00000000c3b00000, 0x00000000eb000000)
  object space 44032K, 49% used [0x00000000c1000000,0x00000000c2553950,0x00000000c3b00000)
 Metaspace       used 20727K, capacity 21148K, committed 21248K, reserved 1069056K
  class space    used 2398K, capacity 2550K, committed 2560K, reserved 1048576K
Event: 22.787 GC heap after
Heap after GC invocations=5 (full 1):
 PSYoungGen      total 68096K, used 0K [0x00000000eb000000, 0x00000000ef500000, 0x0000000100000000)
  eden space 65536K, 0% used [0x00000000eb000000,0x00000000eb000000,0x00000000ef000000)
  from space 2560K, 0% used [0x00000000ef280000,0x00000000ef280000,0x00000000ef500000)
  to   space 2560K, 0% used [0x00000000ef000000,0x00000000ef000000,0x00000000ef280000)
 ParOldGen       total 58368K, used 20160K [0x00000000c1000000, 0x00000000c4900000, 0x00000000eb000000)
  object space 58368K, 34% used [0x00000000c1000000,0x00000000c23b0230,0x00000000c4900000)
 Metaspace       used 20727K, capacity 21148K, committed 21248K, reserved 1069056K
  class space    used 2398K, capacity 2550K, committed 2560K, reserved 1048576K
}
Event: 40.929 GC heap before
{Heap before GC invocations=6 (full 1):
 PSYoungGen      total 68096K, used 65536K [0x00000000eb000000, 0x00000000ef500000, 0x0000000100000000)
  eden space 65536K, 100% used [0x00000000eb000000,0x00000000ef000000,0x00000000ef000000)
  from space 2560K, 0% used [0x00000000ef280000,0x00000000ef280000,0x00000000ef500000)
  to   space 2560K, 0% used [0x00000000ef000000,0x00000000ef000000,0x00000000ef280000)
 ParOldGen       total 58368K, used 20160K [0x00000000c1000000, 0x00000000c4900000, 0x00000000eb000000)
  object space 58368K, 34% used [0x00000000c1000000,0x00000000c23b0230,0x00000000c4900000)
 Metaspace       used 31298K, capacity 31892K, committed 32256K, reserved 1077248K
  class space    used 4145K, capacity 4316K, committed 4352K, reserved 1048576K
Event: 41.077 GC heap after
Heap after GC invocations=6 (full 1):
 PSYoungGen      total 68096K, used 2534K [0x00000000eb000000, 0x00000000f3280000, 0x0000000100000000)
  eden space 65536K, 0% used [0x00000000eb000000,0x00000000eb000000,0x00000000ef000000)
  from space 2560K, 98% used [0x00000000ef000000,0x00000000ef279880,0x00000000ef280000)
  to   space 19456K, 0% used [0x00000000f1f80000,0x00000000f1f80000,0x00000000f3280000)
 ParOldGen       total 58368K, used 33870K [0x00000000c1000000, 0x00000000c4900000, 0x00000000eb000000)
  object space 58368K, 58% used [0x00000000c1000000,0x00000000c3113ac0,0x00000000c4900000)
 Metaspace       used 31298K, capacity 31892K, committed 32256K, reserved 1077248K
  class space    used 4145K, capacity 4316K, committed 4352K, reserved 1048576K
}
Event: 43.830 GC heap before
{Heap before GC invocations=7 (full 1):
 PSYoungGen      total 68096K, used 23587K [0x00000000eb000000, 0x00000000f3280000, 0x0000000100000000)
  eden space 65536K, 32% used [0x00000000eb000000,0x00000000ec48f448,0x00000000ef000000)
  from space 2560K, 98% used [0x00000000ef000000,0x00000000ef279880,0x00000000ef280000)
  to   space 19456K, 0% used [0x00000000f1f80000,0x00000000f1f80000,0x00000000f3280000)
 ParOldGen       total 58368K, used 33870K [0x00000000c1000000, 0x00000000c4900000, 0x00000000eb000000)
  object space 58368K, 58% used [0x00000000c1000000,0x00000000c3113ac0,0x00000000c4900000)
 Metaspace       used 34639K, capacity 35176K, committed 35416K, reserved 1081344K
  class space    used 4407K, capacity 4576K, committed 4608K, reserved 1048576K
Event: 43.932 GC heap after
Heap after GC invocations=7 (full 1):
 PSYoungGen      total 115712K, used 9219K [0x00000000eb000000, 0x00000000f3480000, 0x0000000100000000)
  eden space 96256K, 0% used [0x00000000eb000000,0x00000000eb000000,0x00000000f0e00000)
  from space 19456K, 47% used [0x00000000f1f80000,0x00000000f2880d30,0x00000000f3280000)
  to   space 17920K, 0% used [0x00000000f0e00000,0x00000000f0e00000,0x00000000f1f80000)
 ParOldGen       total 58368K, used 33878K [0x00000000c1000000, 0x00000000c4900000, 0x00000000eb000000)
  object space 58368K, 58% used [0x00000000c1000000,0x00000000c3115ac0,0x00000000c4900000)
 Metaspace       used 34639K, capacity 35176K, committed 35416K, reserved 1081344K
  class space    used 4407K, capacity 4576K, committed 4608K, reserved 1048576K
}
Event: 43.933 GC heap before
{Heap before GC invocations=8 (full 2):
 PSYoungGen      total 115712K, used 9219K [0x00000000eb000000, 0x00000000f3480000, 0x0000000100000000)
  eden space 96256K, 0% used [0x00000000eb000000,0x00000000eb000000,0x00000000f0e00000)
  from space 19456K, 47% used [0x00000000f1f80000,0x00000000f2880d30,0x00000000f3280000)
  to   space 17920K, 0% used [0x00000000f0e00000,0x00000000f0e00000,0x00000000f1f80000)
 ParOldGen       total 58368K, used 33878K [0x00000000c1000000, 0x00000000c4900000, 0x00000000eb000000)
  object space 58368K, 58% used [0x00000000c1000000,0x00000000c3115ac0,0x00000000c4900000)
 Metaspace       used 34639K, capacity 35176K, committed 35416K, reserved 1081344K
  class space    used 4407K, capacity 4576K, committed 4608K, reserved 1048576K
Event: 44.454 GC heap after
Heap after GC invocations=8 (full 2):
 PSYoungGen      total 115712K, used 0K [0x00000000eb000000, 0x00000000f3480000, 0x0000000100000000)
  eden space 96256K, 0% used [0x00000000eb000000,0x00000000eb000000,0x00000000f0e00000)
  from space 19456K, 0% used [0x00000000f1f80000,0x00000000f1f80000,0x00000000f3280000)
  to   space 17920K, 0% used [0x00000000f0e00000,0x00000000f0e00000,0x00000000f1f80000)
 ParOldGen       total 90624K, used 35172K [0x00000000c1000000, 0x00000000c6880000, 0x00000000eb000000)
  object space 90624K, 38% used [0x00000000c1000000,0x00000000c32593e0,0x00000000c6880000)
 Metaspace       used 34639K, capacity 35176K, committed 35416K, reserved 1081344K
  class space    used 4407K, capacity 4576K, committed 4608K, reserved 1048576K
}

